.anti7
.bak1
.d6a
.de6
.e2
.eld7r
.for1
.for5k
.fri1
.inn7v
.is5
.lov7
.lyn7
.me6
.ned1
.opp3
.over5
.re6
.se4
.små5
.sol3
.til1
.topp7
.tørr7
.u7b
.u1d
.u5f
.u3s
.u3v
.vann5
.vel5
a2
ad6g
ags6m
ag7v
6ak.
1akti
7aktig.
7alder.
alg1
al6k
al6l
7analy
an6f
6ang
7anlegg.
an6m
ans6f
1arb
as6b
as6r
ast6
av6be
av6fo
2b
6ban
7bane.
barne7
6bat
be4
6be.
be6l
belt5
be6t
be6v
5bil
6bis
7bjø
7bloms
7blå
6bor
7bord.
5byg
7bær.
7båt
1ce
d6af
d1av
dd1s
de2p
der1
de3sk
de6sp
de3v
d3f
d1g
5diktn
d3k
d6kl
d1l
d1m
d5ma
d1p
1dra
ds1
ds6l
ds3s
d1t
d5ta
du6s
d1v
1dy
1dø
2e
e2a
e5ar
e3b
e6bb
e6bl
e6bn
e6bæ
ebær7
e6da
ed3v
e1e
ee6m
e3ev
e3fa
e3fe
e5fl
e3fr
e3fu
e3fø
e1ga
e1go
e6gå
e3h
e1j
e1ka
e5kjer
e3ko
e3kr
e1la
ele4
e7len
e1liv
e5lu
e5lø
e1m
e3ma
e3mu
e7my
e1o
e6on
e6ot
e1p
e6pi
e6po
er3b
e1re
e3rei
e7rett.
er6fø
e6rl
e1ro
e1rø
e1s
e3sa
e5ski
e3sp
e6sti
e5sto
e3sy
e1ta
e5tak
e6te
eter7
e1ti
e3tid
e7til
e5tr
e6tri
e1v
e6vn
e1å
2f
7farg
fe6b
5fil
3fis
7flø
3fo
for5t
ft3b
5føre
g6ar
g3b
g6bo
ge3st
g3f
g6gr
ggs2
1gir
2gj
7gjøre.
g1k
1gla
g1m
g1p
g6pl
1gr
gs1
g7si
gs6man
gs3s
gull3
g1v
1gå
2h
h6ar
3hel
5he6s
4het
hets3
7hjem
hode7
3hu
3hy
3hø
3hå
2i
i6ce
ids5
i6fo
i6gr
i6hu
il6hø
7imell
ings3
ins6
is6b
is6h
it6m
ivs1
je6g
je6m
5jern.
jerne5
jons3
ju6b
2k
3kake
k6ar
3kass
k3b
ke1
ke6h
ke3k
ke3m
ke6ma
ke3s
ke6sy
ke5v
k3f
5kir
1kj
5kjør
1kl
5k6la
7kled
k6li
5klæ
k1m
1ko
3kon
k1p
6kre
5kry
ks5m
ks7s
ks6t
ks6ve
ktor5
kt1t
7ku.
1kv
5kval
5kvin
2l
l6ak
l6an
3lau
l3be
l6dr
5legge
le6l
l6fe
l3h
5l6il
3linj
5list
3liv.
lke3
l5kr
llom5
ll6re
ll5t
l1p
l6pa
l6pi
l3r
lses5
l1sk
l3sp
ls3s
l1st
l1tr
l6us
l5vi
5lyd
1lys
3lys.
5lyst
1lø
3løs.
7løyse.
5lås.
2m
6mai
m6ak
5makt.
5mann.
m6ar
7mask
m5br
5merke
me6t
7mid
m1k
m1l
mme7s
m1s
m6ti
munn7
1må
5mål.
3måt
2n
n3bl
n6bro
n6by
n6ce
ne6a
ne6ha
n7fat
n3fi
n6fo
n2g
n6ga
ng6sp
ngs3v
n1l
n3m
nn5b
nn5g
nn3k
nn6kj
nn6sk
nn1st
nn1t
7norsk.
7not
n1p
n6på
n1r
ns6da
ns3m
n6sp
n7spr
ns3s
n5tre
n1v
n6ym
od6a
odd7
o6fo
o6gr
o6li
1olj
7områ
ons1
7oppg
or2d
or6kj
ors6d
or6ti
or5v
oved3
1over1
p2
7pak
p1d
2pe
5peng
7perio
p6ga
p6ho
7pike.
7plante.
7plikt
p6lø
2pp1
pp3sk
6prå
2ps
p6si
ps6k
p6sl
p6ta
p6te
p6us
p1v
2r
r6al
r6as
r6bi
r3bl
re7dr
re6f
1re6g
re6t
r7fe
r3fl
r5fr
r6ga
r5gj
r6gl
r6go
r6gr
r6is
r5kj
r6kl
r7kr
r1l
r7lei
r5læ
r6ma
rn1s
r6ob
5rom.
r1ord
5rose.
r1p
r6pa
r6ph
r6pi
r1s
r6sk
r7skap.
r7sto
rs6va
r1tr
r2u
ruks5
7rute
r1v
r6vi
r7væ
r6vå
rød7
r6øy
7røyk
r6åd
2s
s6ag
5sak.
6saks
s6al
s6am
s6ap
s6at
5sau
s1av
s3b
s6ce
s1d
se6h
selv5
se6pl
se3st
s3f
s6fæ
s1g
s3h
s6ho
sial5
5side.
s6il
s6je
3sju
sjøl5
skaps5
5skiv
1skj
1skr
5skre
3sky
s1l
s1m
s3mes
s1ne
snø5
s2o
s6ol
s6om
7somm
7sopp.
1sp
s6pe
5spell
s2pi
5spil
3språ
s6py
s3r
s1s
s3sj
s6ta
5stang
ste2d
5sted.
s1teg
5stein
6ster
st3g
5strøk
7styk
5stø
s6ul
s6um
3sup
s1ut
s1v
svart7
s6vø
1sy
5syre
s6år
2t
1t6ak
7take
5tall.
tang5
t1d
t6da
te1d
5tegn
7tekn
5tekst
6tel
te2o
ter1g
ter5s
te3v
t3f
t6fø
t2g
t3ha
1tid
3tid.
til5k
t1k
t1l
t5le
t3m
t6må
1tog.
6tol
t1p
7trekk
tron5
t6sk
ts3m
ts3s
t1st
t7sto
ts5v
tt3b
tte7s
tt6fo
tt5l
tt6le
tt7v
tur3
t1v
t6ve
u1a
u6as
u3be
u6dy
ue6å
u6fa
u6gr
ull1
7unders
ups7
ur2
ur3f
ut6b
ute6
ut6fa
ut6fo
7utg
2v
valg5
5vann.
5vare
7vatn
v3b
5veg.
5vegg
v6ei
3vei.
5verk.
ver3l
v6gr
6vin
v1k
v3m
3vok
v1p
v6pl
v1r
v5ru
v1s
vs6a
v3sp
v6st
v1t
v3v
v6ver
3våp
2y
y6dr
y6dø
øds6p
ø6gg
ø6gr
ø6ko
øl6l
ø6rl
ø6rr
ørs6
å6gl
å1k
å6le
1åre.
